<?xml version="1.0" encoding="UTF-8"?>
<!-- Generated by org.testng.reporters.JUnitReportReporter -->
<testsuite hostname="DESKTOP-7A9FBF0" failures="0" tests="2" name="BasicHttpRequests.ex1_getRequest" time="3.094" errors="0" timestamp="2024-08-08T15:03:47 BST" skipped="0">
  <testcase classname="BasicHttpRequests.ex1_getRequest" name="getRequest_ValidID" time="2.920"/>
  <testcase classname="BasicHttpRequests.ex1_getRequest" name="getRequest_inValidID" time="0.174"/>
</testsuite> <!-- BasicHttpRequests.ex1_getRequest -->
